2025-03-03 14:58:48,967 - __main__ - INFO - Drone Stable Mode
2025-03-03 14:58:49,181 - __main__ - INFO - Drone Stable Mode
2025-03-03 14:58:49,275 - __main__ - INFO - Drone Stable Mode
2025-03-03 14:58:49,367 - __main__ - INFO - Drone Stable Mode
2025-03-03 14:58:49,457 - __main__ - INFO - Drone Stable Mode
2025-03-03 14:58:49,546 - __main__ - INFO - Drone Stable Mode
2025-03-03 14:58:49,604 - __main__ - INFO - Drone Stable Mode
2025-03-03 14:58:49,701 - __main__ - INFO - Drone Stable Mode
2025-03-03 14:58:49,792 - __main__ - INFO - Drone Stable Mode
2025-03-03 14:58:49,880 - __main__ - INFO - Drone Stable Mode
2025-03-03 14:58:49,970 - __main__ - INFO - Drone Stable Mode
2025-03-03 14:58:50,063 - __main__ - INFO - Drone Landing
2025-03-03 14:58:50,154 - __main__ - INFO - Drone Landing
2025-03-03 14:58:50,246 - __main__ - INFO - Drone Landing
2025-03-03 14:58:50,338 - __main__ - INFO - Drone Landing
2025-03-03 14:58:50,428 - __main__ - INFO - Drone Landing
2025-03-03 14:58:50,522 - __main__ - INFO - Drone Right
2025-03-03 14:58:50,614 - __main__ - INFO - Drone Stable Mode
2025-03-03 14:58:50,707 - __main__ - INFO - Drone Stable Mode
2025-03-03 14:58:50,827 - __main__ - INFO - Drone Stable Mode
2025-03-03 14:58:50,871 - __main__ - INFO - Drone Landing
2025-03-03 14:58:50,963 - __main__ - INFO - Drone Right
2025-03-03 14:58:51,053 - __main__ - INFO - Drone Right
2025-03-03 14:58:51,146 - __main__ - INFO - Drone Stable Mode
2025-03-03 14:58:51,243 - __main__ - INFO - Drone Landing
2025-03-03 14:58:51,338 - __main__ - INFO - Drone Landing
2025-03-03 14:58:51,545 - __main__ - INFO - Drone Stable Mode
2025-03-03 14:58:51,636 - __main__ - INFO - Drone Stable Mode
2025-03-03 14:58:51,758 - __main__ - INFO - Drone Right
2025-03-03 14:58:51,877 - __main__ - INFO - Drone Right
2025-03-03 14:58:51,992 - __main__ - INFO - Drone Right
2025-03-03 14:58:52,137 - __main__ - INFO - Drone Right
2025-03-03 14:58:52,258 - __main__ - INFO - Drone Right
2025-03-03 14:58:52,351 - __main__ - INFO - Drone Right
2025-03-03 14:58:52,443 - __main__ - INFO - Drone Stable Mode
2025-03-03 14:58:52,534 - __main__ - INFO - Drone Stable Mode
2025-03-03 14:58:52,625 - __main__ - INFO - Drone Stable Mode
2025-03-03 14:58:53,057 - __main__ - INFO - Drone Down
2025-03-03 14:58:53,148 - __main__ - INFO - Drone Down
2025-03-03 14:58:53,240 - __main__ - INFO - Drone Y Yaw
2025-03-03 14:58:53,331 - __main__ - INFO - Drone Y Yaw
2025-03-03 14:58:53,423 - __main__ - INFO - Drone Landing
2025-03-03 14:58:53,516 - __main__ - INFO - Drone Landing
2025-03-03 14:58:54,036 - __main__ - INFO - Drone Right
2025-03-03 14:58:54,126 - __main__ - INFO - Drone Stable Mode
2025-03-03 14:58:54,217 - __main__ - INFO - Drone Stable Mode
2025-03-03 14:58:54,307 - __main__ - INFO - Drone Stable Mode
2025-03-03 14:58:54,365 - __main__ - INFO - Drone Stable Mode
2025-03-03 14:58:54,457 - __main__ - INFO - Drone Stable Mode
2025-03-03 14:58:54,547 - __main__ - INFO - Drone Stable Mode
2025-03-03 14:58:54,638 - __main__ - INFO - Drone Stable Mode
2025-03-03 14:58:54,728 - __main__ - INFO - Drone Stable Mode
2025-03-03 14:58:54,818 - __main__ - INFO - Drone Stable Mode
2025-03-03 14:58:54,910 - __main__ - INFO - Drone Stable Mode
2025-03-03 14:58:55,001 - __main__ - INFO - Drone Stable Mode
2025-03-03 14:58:55,092 - __main__ - INFO - Drone Stable Mode
2025-03-03 14:58:55,183 - __main__ - INFO - Drone Stable Mode
2025-03-03 14:58:55,273 - __main__ - INFO - Drone Stable Mode
2025-03-03 15:06:31,288 - __main__ - INFO - Drone Stable Mode
2025-03-03 15:06:31,453 - __main__ - INFO - Drone Stable Mode
2025-03-03 15:06:31,521 - __main__ - INFO - Drone Stable Mode
2025-03-03 15:06:31,602 - __main__ - INFO - Drone Stable Mode
2025-03-03 15:06:31,663 - __main__ - INFO - Drone Stable Mode
2025-03-03 15:06:31,725 - __main__ - INFO - Drone Stable Mode
2025-03-03 15:06:31,789 - __main__ - INFO - Drone Stable Mode
2025-03-03 15:06:31,851 - __main__ - INFO - Drone Stable Mode
2025-03-03 15:06:31,912 - __main__ - INFO - Drone Stable Mode
2025-03-03 15:06:31,972 - __main__ - INFO - Drone Stable Mode
2025-03-03 15:06:32,041 - __main__ - INFO - Drone Stable Mode
2025-03-03 15:06:32,106 - __main__ - INFO - Drone Stable Mode
2025-03-03 15:06:32,171 - __main__ - INFO - Drone Stable Mode
2025-03-03 15:06:32,232 - __main__ - INFO - Drone Stable Mode
2025-03-03 15:06:32,296 - __main__ - INFO - Drone Stable Mode
2025-03-03 15:06:32,357 - __main__ - INFO - Drone Stable Mode
2025-03-03 15:06:32,417 - __main__ - INFO - Drone Stable Mode
2025-03-03 15:06:32,518 - __main__ - INFO - Drone Landing
2025-03-03 15:06:32,646 - __main__ - INFO - Drone Landing
2025-03-03 15:06:32,691 - __main__ - INFO - Drone Landing
2025-03-03 15:06:32,787 - __main__ - INFO - Drone Landing
2025-03-03 15:06:32,878 - __main__ - INFO - Drone Landing
2025-03-03 15:06:32,983 - __main__ - INFO - Drone Landing
2025-03-03 15:06:33,112 - __main__ - INFO - Drone Right
2025-03-03 15:06:33,206 - __main__ - INFO - Drone Stable Mode
2025-03-03 15:06:33,263 - __main__ - INFO - Drone Stable Mode
2025-03-03 15:06:33,359 - __main__ - INFO - Drone Stable Mode
2025-03-03 15:06:33,453 - __main__ - INFO - Drone Stable Mode
2025-03-03 15:06:33,512 - __main__ - INFO - Drone Stable Mode
2025-03-03 15:06:33,573 - __main__ - INFO - Drone Stable Mode
2025-03-03 15:06:33,635 - __main__ - INFO - Drone Stable Mode
2025-03-03 15:06:33,696 - __main__ - INFO - Drone Stable Mode
2025-03-03 15:06:33,759 - __main__ - INFO - Drone Stable Mode
2025-03-03 15:06:33,823 - __main__ - INFO - Drone Stable Mode
2025-03-03 15:06:33,890 - __main__ - INFO - Drone Stable Mode
2025-03-03 15:06:33,960 - __main__ - INFO - Drone Stable Mode
2025-03-03 15:06:34,036 - __main__ - INFO - Drone Stable Mode
2025-03-03 15:06:34,112 - __main__ - INFO - Drone Stable Mode
2025-03-03 15:06:34,197 - __main__ - INFO - Drone Stable Mode
2025-03-03 15:06:34,263 - __main__ - INFO - Drone Stable Mode
2025-03-03 15:06:34,327 - __main__ - INFO - Drone Stable Mode
2025-03-03 15:06:34,388 - __main__ - INFO - Drone Stable Mode
2025-03-03 15:06:34,448 - __main__ - INFO - Drone Stable Mode
2025-03-03 15:06:34,510 - __main__ - INFO - Drone Stable Mode
2025-03-03 15:06:34,571 - __main__ - INFO - Drone Stable Mode
2025-03-03 15:06:34,631 - __main__ - INFO - Drone Stable Mode
2025-03-03 15:06:34,694 - __main__ - INFO - Drone Stable Mode
2025-03-03 15:06:34,755 - __main__ - INFO - Drone Stable Mode
2025-03-03 15:06:34,816 - __main__ - INFO - Drone Stable Mode
2025-03-03 15:06:34,880 - __main__ - INFO - Drone Stable Mode
2025-03-03 15:06:34,950 - __main__ - INFO - Drone Stable Mode
2025-03-03 15:06:35,016 - __main__ - INFO - Drone Stable Mode
2025-03-03 15:06:35,084 - __main__ - INFO - Drone Stable Mode
2025-03-03 15:06:35,155 - __main__ - INFO - Drone Stable Mode
2025-03-03 15:06:35,227 - __main__ - INFO - Drone Stable Mode
2025-03-03 15:06:35,297 - __main__ - INFO - Drone Stable Mode
2025-03-03 15:06:35,360 - __main__ - INFO - Drone Stable Mode
2025-03-03 15:06:35,425 - __main__ - INFO - Drone Stable Mode
2025-03-03 15:06:35,488 - __main__ - INFO - Drone Stable Mode
2025-03-03 15:06:35,550 - __main__ - INFO - Drone Stable Mode
2025-03-03 15:06:35,614 - __main__ - INFO - Drone Stable Mode
2025-03-03 15:06:35,675 - __main__ - INFO - Drone Stable Mode
2025-03-03 15:06:35,737 - __main__ - INFO - Drone Stable Mode
2025-03-03 15:06:35,800 - __main__ - INFO - Drone Stable Mode
2025-03-03 15:06:35,861 - __main__ - INFO - Drone Stable Mode
2025-03-03 15:06:35,928 - __main__ - INFO - Drone Stable Mode
2025-03-03 15:06:35,995 - __main__ - INFO - Drone Stable Mode
2025-03-03 15:06:36,062 - __main__ - INFO - Drone Stable Mode
2025-03-03 15:06:36,124 - __main__ - INFO - Drone Stable Mode
2025-03-03 15:06:36,187 - __main__ - INFO - Drone Stable Mode
2025-03-03 15:06:36,251 - __main__ - INFO - Drone Stable Mode
2025-03-03 15:06:36,317 - __main__ - INFO - Drone Stable Mode
2025-03-03 15:06:36,378 - __main__ - INFO - Drone Stable Mode
2025-03-03 15:06:36,438 - __main__ - INFO - Drone Stable Mode
2025-03-03 15:06:36,499 - __main__ - INFO - Drone Stable Mode
2025-03-03 15:06:36,563 - __main__ - INFO - Drone Stable Mode
2025-03-03 15:06:36,625 - __main__ - INFO - Drone Stable Mode
2025-03-03 15:06:36,690 - __main__ - INFO - Drone Stable Mode
2025-03-03 15:06:36,754 - __main__ - INFO - Drone Stable Mode
2025-03-03 15:06:36,814 - __main__ - INFO - Drone Stable Mode
2025-03-03 15:06:36,874 - __main__ - INFO - Drone Stable Mode
2025-03-03 15:06:36,934 - __main__ - INFO - Drone Stable Mode
2025-03-03 15:06:36,998 - __main__ - INFO - Drone Stable Mode
2025-03-03 15:06:37,058 - __main__ - INFO - Drone Stable Mode
2025-03-03 15:06:37,120 - __main__ - INFO - Drone Stable Mode
2025-03-03 15:06:37,214 - __main__ - INFO - Drone Stable Mode
2025-03-03 15:06:37,309 - __main__ - INFO - Drone Landing
2025-03-03 15:06:37,403 - __main__ - INFO - Drone Landing
2025-03-03 15:06:37,498 - __main__ - INFO - Drone Landing
2025-03-03 15:06:37,591 - __main__ - INFO - Drone Landing
2025-03-03 15:06:37,683 - __main__ - INFO - Drone Landing
2025-03-03 15:06:37,776 - __main__ - INFO - Drone Landing
2025-03-03 15:06:37,869 - __main__ - INFO - Drone Landing
2025-03-03 15:06:38,223 - __main__ - INFO - Drone Up
2025-03-03 15:06:38,316 - __main__ - INFO - Drone Up
2025-03-03 15:06:38,410 - __main__ - INFO - Drone Up
2025-03-03 15:06:38,512 - __main__ - INFO - Drone Up
2025-03-03 15:06:38,630 - __main__ - INFO - Drone Up
2025-03-03 15:06:38,747 - __main__ - INFO - Drone Up
2025-03-03 15:06:38,843 - __main__ - INFO - Drone Up
2025-03-03 15:06:38,937 - __main__ - INFO - Drone Up
2025-03-03 15:06:39,030 - __main__ - INFO - Drone Down
2025-03-03 15:06:39,125 - __main__ - INFO - Drone Down
2025-03-03 15:06:39,229 - __main__ - INFO - Drone Down
2025-03-03 15:06:39,324 - __main__ - INFO - Drone Down
2025-03-03 15:06:39,417 - __main__ - INFO - Drone X Yaw
2025-03-03 15:06:39,512 - __main__ - INFO - Drone X Yaw
2025-03-03 15:06:39,606 - __main__ - INFO - Drone Y Yaw
2025-03-03 15:06:39,701 - __main__ - INFO - Drone Y Yaw
2025-03-03 15:06:39,794 - __main__ - INFO - Drone Landing
2025-03-03 15:06:39,885 - __main__ - INFO - Drone Landing
2025-03-03 15:06:39,982 - __main__ - INFO - Drone Landing
2025-03-03 15:06:40,077 - __main__ - INFO - Drone Y Yaw
2025-03-03 15:06:40,168 - __main__ - INFO - Drone Stable Mode
2025-03-03 15:06:40,290 - __main__ - INFO - Drone Stable Mode
2025-03-03 15:06:40,411 - __main__ - INFO - Drone Right
2025-03-03 15:06:40,536 - __main__ - INFO - Drone Stable Mode
2025-03-03 15:06:40,630 - __main__ - INFO - Drone Right
2025-03-03 15:06:40,723 - __main__ - INFO - Drone Right
2025-03-03 15:06:40,904 - __main__ - INFO - Drone Stable Mode
2025-03-03 15:06:40,963 - __main__ - INFO - Drone Stable Mode
2025-03-03 15:06:41,057 - __main__ - INFO - Drone Up
2025-03-03 15:06:41,150 - __main__ - INFO - Drone Up
2025-03-03 15:06:41,243 - __main__ - INFO - Drone Stable Mode
2025-03-03 15:06:41,302 - __main__ - INFO - Drone Stable Mode
2025-03-03 15:06:41,397 - __main__ - INFO - Drone Up
2025-03-03 15:06:41,607 - __main__ - INFO - Drone Stable Mode
2025-03-03 15:06:41,667 - __main__ - INFO - Drone Stable Mode
2025-03-03 15:06:41,727 - __main__ - INFO - Drone Stable Mode
2025-03-03 15:06:41,788 - __main__ - INFO - Drone Stable Mode
2025-03-03 15:06:41,848 - __main__ - INFO - Drone Stable Mode
2025-03-03 15:06:41,909 - __main__ - INFO - Drone Stable Mode
2025-03-03 15:06:41,974 - __main__ - INFO - Drone Stable Mode
2025-03-03 15:06:42,037 - __main__ - INFO - Drone Stable Mode
2025-03-03 15:06:42,098 - __main__ - INFO - Drone Stable Mode
2025-03-03 15:06:42,158 - __main__ - INFO - Drone Stable Mode
2025-03-03 15:06:42,219 - __main__ - INFO - Drone Stable Mode
2025-03-03 15:06:42,283 - __main__ - INFO - Drone Stable Mode
2025-03-03 15:06:42,344 - __main__ - INFO - Drone Stable Mode
2025-03-03 15:06:42,408 - __main__ - INFO - Drone Stable Mode
2025-03-03 15:06:42,469 - __main__ - INFO - Drone Stable Mode
2025-03-03 15:06:42,532 - __main__ - INFO - Drone Stable Mode
2025-03-03 15:06:42,595 - __main__ - INFO - Drone Stable Mode
2025-03-03 15:06:42,656 - __main__ - INFO - Drone Stable Mode
2025-03-03 15:06:42,718 - __main__ - INFO - Drone Stable Mode
2025-03-03 15:06:42,778 - __main__ - INFO - Drone Stable Mode
2025-03-03 15:06:42,837 - __main__ - INFO - Drone Stable Mode
2025-03-03 15:06:42,899 - __main__ - INFO - Drone Stable Mode
2025-03-03 15:06:42,960 - __main__ - INFO - Drone Stable Mode
2025-03-03 15:06:43,023 - __main__ - INFO - Drone Stable Mode
2025-03-03 15:06:43,084 - __main__ - INFO - Drone Stable Mode
2025-03-03 15:06:43,146 - __main__ - INFO - Drone Stable Mode
2025-03-03 15:06:43,211 - __main__ - INFO - Drone Stable Mode
2025-03-03 15:06:43,274 - __main__ - INFO - Drone Stable Mode
2025-03-03 15:06:43,338 - __main__ - INFO - Drone Stable Mode
2025-03-03 15:06:43,404 - __main__ - INFO - Drone Stable Mode
2025-03-03 15:06:43,468 - __main__ - INFO - Drone Stable Mode
2025-03-03 15:06:43,534 - __main__ - INFO - Drone Stable Mode
2025-03-03 15:06:43,599 - __main__ - INFO - Drone Stable Mode
2025-03-03 15:06:43,661 - __main__ - INFO - Drone Stable Mode
2025-03-03 15:06:43,726 - __main__ - INFO - Drone Stable Mode
2025-03-03 15:06:43,795 - __main__ - INFO - Drone Stable Mode
2025-03-03 15:06:43,872 - __main__ - INFO - Drone Stable Mode
2025-03-03 15:06:43,953 - __main__ - INFO - Drone Stable Mode
2025-03-03 15:06:44,044 - __main__ - INFO - Drone Stable Mode
2025-03-03 15:06:44,109 - __main__ - INFO - Drone Stable Mode
2025-03-03 15:06:44,175 - __main__ - INFO - Drone Stable Mode
2025-03-03 15:06:44,235 - __main__ - INFO - Drone Stable Mode
2025-03-03 15:06:44,295 - __main__ - INFO - Drone Stable Mode
2025-03-03 15:06:44,361 - __main__ - INFO - Drone Stable Mode
2025-03-03 15:06:44,426 - __main__ - INFO - Drone Stable Mode
2025-03-03 15:06:44,485 - __main__ - INFO - Drone Stable Mode
2025-03-03 15:06:44,547 - __main__ - INFO - Drone Stable Mode
2025-03-03 15:06:44,608 - __main__ - INFO - Drone Stable Mode
2025-03-03 15:06:44,669 - __main__ - INFO - Drone Stable Mode
2025-03-03 15:06:44,729 - __main__ - INFO - Drone Stable Mode
2025-03-03 15:06:44,791 - __main__ - INFO - Drone Stable Mode
2025-03-03 15:06:44,853 - __main__ - INFO - Drone Stable Mode
2025-03-03 15:06:44,917 - __main__ - INFO - Drone Stable Mode
2025-03-03 15:06:44,986 - __main__ - INFO - Drone Stable Mode
2025-03-03 15:06:45,047 - __main__ - INFO - Drone Stable Mode
2025-03-03 15:06:45,109 - __main__ - INFO - Drone Stable Mode
2025-03-03 15:06:45,172 - __main__ - INFO - Drone Stable Mode
2025-03-03 15:06:45,239 - __main__ - INFO - Drone Stable Mode
2025-03-03 15:06:45,312 - __main__ - INFO - Drone Stable Mode
2025-03-03 15:06:45,384 - __main__ - INFO - Drone Stable Mode
2025-03-03 15:06:45,515 - __main__ - INFO - Drone Stable Mode
2025-03-03 15:06:45,636 - __main__ - INFO - Drone Stable Mode
2025-03-03 15:06:45,771 - __main__ - INFO - Drone Stable Mode
2025-03-03 15:06:45,888 - __main__ - INFO - Drone Stable Mode
2025-03-03 15:06:46,011 - __main__ - INFO - Drone Stable Mode
2025-03-03 15:06:46,110 - __main__ - INFO - Drone Stable Mode
2025-03-03 15:06:46,213 - __main__ - INFO - Drone Stable Mode
2025-03-03 15:06:46,272 - __main__ - INFO - Drone Stable Mode
